kotlin version: 2.0.21
error message: Incremental compilation failed: Failed to close caches
org.jetbrains.kotlin.incremental.CachesManagerCloseException: Failed to close caches
	at org.jetbrains.kotlin.incremental.BaseCompilationTransaction.closeCachesManager(CompilationTransaction.kt:126)
	at org.jetbrains.kotlin.incremental.RecoverableCompilationTransaction.close(CompilationTransaction.kt:251)
	at org.jetbrains.kotlin.incremental.IncrementalCompilerRunner.tryCompileIncrementally(IncrementalCompilerRunner.kt:747)
	at org.jetbrains.kotlin.incremental.IncrementalCompilerRunner.compile(IncrementalCompilerRunner.kt:120)
	at org.jetbrains.kotlin.daemon.CompileServiceImplBase.execIncrementalCompiler(CompileServiceImpl.kt:675)
	at org.jetbrains.kotlin.daemon.CompileServiceImplBase.access$execIncrementalCompiler(CompileServiceImpl.kt:92)
	at org.jetbrains.kotlin.daemon.CompileServiceImpl.compile(CompileServiceImpl.kt:1660)
	at java.base/jdk.internal.reflect.DirectMethodHandleAccessor.invoke(Unknown Source)
	at java.base/java.lang.reflect.Method.invoke(Unknown Source)
	at java.rmi/sun.rmi.server.UnicastServerRef.dispatch(Unknown Source)
	at java.rmi/sun.rmi.transport.Transport$1.run(Unknown Source)
	at java.rmi/sun.rmi.transport.Transport$1.run(Unknown Source)
	at java.base/java.security.AccessController.doPrivileged(Unknown Source)
	at java.rmi/sun.rmi.transport.Transport.serviceCall(Unknown Source)
	at java.rmi/sun.rmi.transport.tcp.TCPTransport.handleMessages(Unknown Source)
	at java.rmi/sun.rmi.transport.tcp.TCPTransport$ConnectionHandler.run0(Unknown Source)
	at java.rmi/sun.rmi.transport.tcp.TCPTransport$ConnectionHandler.lambda$run$0(Unknown Source)
	at java.base/java.security.AccessController.doPrivileged(Unknown Source)
	at java.rmi/sun.rmi.transport.tcp.TCPTransport$ConnectionHandler.run(Unknown Source)
	at java.base/java.util.concurrent.ThreadPoolExecutor.runWorker(Unknown Source)
	at java.base/java.util.concurrent.ThreadPoolExecutor$Worker.run(Unknown Source)
	at java.base/java.lang.Thread.run(Unknown Source)
Caused by: java.lang.AssertionError: java.lang.Exception: Could not close incremental caches in C:\Users\sergi\StudioProjects\Fx0BookingApp\app\build\kotlin\compileDebugKotlin\cacheable\caches-jvm\lookups: lookups.tab
	at org.jetbrains.kotlin.com.google.common.io.Closer.close(Closer.java:236)
	at org.jetbrains.kotlin.incremental.IncrementalCachesManager.close(IncrementalCachesManager.kt:55)
	at org.jetbrains.kotlin.incremental.BaseCompilationTransaction.closeCachesManager(CompilationTransaction.kt:123)
	... 21 more
Caused by: java.lang.Exception: Could not close incremental caches in C:\Users\sergi\StudioProjects\Fx0BookingApp\app\build\kotlin\compileDebugKotlin\cacheable\caches-jvm\lookups: lookups.tab
	at org.jetbrains.kotlin.incremental.storage.BasicMapsOwner.forEachMapSafe(BasicMapsOwner.kt:95)
	at org.jetbrains.kotlin.incremental.storage.BasicMapsOwner.close(BasicMapsOwner.kt:53)
	at org.jetbrains.kotlin.incremental.LookupStorage.close(LookupStorage.kt:155)
	at org.jetbrains.kotlin.com.google.common.io.Closer.close(Closer.java:223)
	... 23 more
	Suppressed: java.lang.RuntimeException: java.io.IOException: Espacio en disco insuficiente
		at org.jetbrains.kotlin.com.intellij.util.io.CompressedAppendableFile.saveIncompleteChunk(CompressedAppendableFile.java:414)
		at org.jetbrains.kotlin.com.intellij.util.io.CompressedAppendableFile.force(CompressedAppendableFile.java:425)
		at org.jetbrains.kotlin.com.intellij.util.io.PersistentHashMapValueStorage$MyCompressedAppendableFile.force(PersistentHashMapValueStorage.java:940)
		at org.jetbrains.kotlin.com.intellij.util.io.CompressedAppendableFile.dispose(CompressedAppendableFile.java:429)
		at org.jetbrains.kotlin.com.intellij.util.io.PersistentHashMapValueStorage$MyCompressedAppendableFile.dispose(PersistentHashMapValueStorage.java:946)
		at org.jetbrains.kotlin.com.intellij.util.io.PersistentHashMapValueStorage.dispose(PersistentHashMapValueStorage.java:745)
		at org.jetbrains.kotlin.com.intellij.util.io.PersistentMapImpl.doClose(PersistentMapImpl.java:883)
		at org.jetbrains.kotlin.com.intellij.util.io.PersistentMapImpl.close(PersistentMapImpl.java:855)
		at org.jetbrains.kotlin.com.intellij.util.io.PersistentMapImpl.close(PersistentMapImpl.java:832)
		at org.jetbrains.kotlin.com.intellij.util.io.PersistentHashMap.close(PersistentHashMap.java:226)
		at org.jetbrains.kotlin.incremental.storage.LazyStorage.close(LazyStorage.kt:96)
		at org.jetbrains.kotlin.incremental.storage.InMemoryStorage.close(InMemoryStorage.kt:137)
		at org.jetbrains.kotlin.incremental.storage.AppendableSetBasicMap.close(BasicMap.kt:157)
		at org.jetbrains.kotlin.incremental.storage.BasicMapsOwner$close$1.invoke(BasicMapsOwner.kt:53)
		at org.jetbrains.kotlin.incremental.storage.BasicMapsOwner$close$1.invoke(BasicMapsOwner.kt:53)
		at org.jetbrains.kotlin.incremental.storage.BasicMapsOwner.forEachMapSafe(BasicMapsOwner.kt:87)
		... 26 more
	Caused by: java.io.IOException: Espacio en disco insuficiente
		at java.base/sun.nio.ch.FileDispatcherImpl.pwrite0(Native Method)
		at java.base/sun.nio.ch.FileDispatcherImpl.pwrite(Unknown Source)
		at java.base/sun.nio.ch.IOUtil.writeFromNativeBuffer(Unknown Source)
		at java.base/sun.nio.ch.IOUtil.write(Unknown Source)
		at java.base/sun.nio.ch.IOUtil.write(Unknown Source)
		at java.base/sun.nio.ch.FileChannelImpl.writeInternal(Unknown Source)
		at java.base/sun.nio.ch.FileChannelImpl.write(Unknown Source)
		at org.jetbrains.kotlin.com.intellij.util.io.ResilientFileChannel.lambda$write$4(ResilientFileChannel.java:126)
		at org.jetbrains.kotlin.com.intellij.util.io.FileChannelInterruptsRetryer.retryIfInterrupted(FileChannelInterruptsRetryer.java:111)
		at org.jetbrains.kotlin.com.intellij.util.io.ResilientFileChannel.write(ResilientFileChannel.java:124)
		at org.jetbrains.kotlin.com.intellij.util.io.FileChannelWithSizeTracking.write(FileChannelWithSizeTracking.java:55)
		at org.jetbrains.kotlin.com.intellij.util.io.PersistentHashMapValueStorage$SyncAbleBufferedOutputStreamOverCachedFileChannel$OutputStreamOverRandomAccessFileCache.write(PersistentHashMapValueStorage.java:887)
		at java.base/java.io.BufferedOutputStream.implWrite(Unknown Source)
		at java.base/java.io.BufferedOutputStream.write(Unknown Source)
		at org.jetbrains.kotlin.com.intellij.util.io.DataOutputStream.write(DataOutputStream.java:35)
		at org.jetbrains.kotlin.com.intellij.util.io.CompressedAppendableFile.saveChunk(CompressedAppendableFile.java:366)
		at org.jetbrains.kotlin.com.intellij.util.io.CompressedAppendableFile.saveNextChunkIfNeeded(CompressedAppendableFile.java:326)
		at org.jetbrains.kotlin.com.intellij.util.io.CompressedAppendableFile.saveIncompleteChunk(CompressedAppendableFile.java:391)
		... 41 more
	Suppressed: java.lang.Exception: Could not close incremental caches in C:\Users\sergi\StudioProjects\Fx0BookingApp\app\build\kotlin\compileDebugKotlin\cacheable\caches-jvm\inputs: source-to-output.tab
		at org.jetbrains.kotlin.incremental.storage.BasicMapsOwner.forEachMapSafe(BasicMapsOwner.kt:95)
		at org.jetbrains.kotlin.incremental.storage.BasicMapsOwner.close(BasicMapsOwner.kt:53)
		... 24 more
		Suppressed: java.lang.RuntimeException: java.io.IOException: Espacio en disco insuficiente
			at org.jetbrains.kotlin.com.intellij.util.io.CompressedAppendableFile.saveIncompleteChunk(CompressedAppendableFile.java:414)
			at org.jetbrains.kotlin.com.intellij.util.io.CompressedAppendableFile.force(CompressedAppendableFile.java:425)
			at org.jetbrains.kotlin.com.intellij.util.io.PersistentHashMapValueStorage$MyCompressedAppendableFile.force(PersistentHashMapValueStorage.java:940)
			at org.jetbrains.kotlin.com.intellij.util.io.CompressedAppendableFile.dispose(CompressedAppendableFile.java:429)
			at org.jetbrains.kotlin.com.intellij.util.io.PersistentHashMapValueStorage$MyCompressedAppendableFile.dispose(PersistentHashMapValueStorage.java:946)
			at org.jetbrains.kotlin.com.intellij.util.io.PersistentHashMapValueStorage.dispose(PersistentHashMapValueStorage.java:745)
			at org.jetbrains.kotlin.com.intellij.util.io.PersistentMapImpl.doClose(PersistentMapImpl.java:883)
			at org.jetbrains.kotlin.com.intellij.util.io.PersistentMapImpl.close(PersistentMapImpl.java:855)
			at org.jetbrains.kotlin.com.intellij.util.io.PersistentMapImpl.close(PersistentMapImpl.java:832)
			at org.jetbrains.kotlin.com.intellij.util.io.PersistentHashMap.close(PersistentHashMap.java:226)
			at org.jetbrains.kotlin.incremental.storage.LazyStorage.close(LazyStorage.kt:96)
			at org.jetbrains.kotlin.incremental.storage.InMemoryStorage.close(InMemoryStorage.kt:137)
			at org.jetbrains.kotlin.incremental.storage.AppendableSetBasicMap.close(BasicMap.kt:157)
			at org.jetbrains.kotlin.incremental.storage.BasicMapsOwner$close$1.invoke(BasicMapsOwner.kt:53)
			at org.jetbrains.kotlin.incremental.storage.BasicMapsOwner$close$1.invoke(BasicMapsOwner.kt:53)
			at org.jetbrains.kotlin.incremental.storage.BasicMapsOwner.forEachMapSafe(BasicMapsOwner.kt:87)
			... 25 more
		Caused by: java.io.IOException: Espacio en disco insuficiente
			at java.base/sun.nio.ch.FileDispatcherImpl.write0(Native Method)
			at java.base/sun.nio.ch.FileDispatcherImpl.write(Unknown Source)
			at java.base/sun.nio.ch.IOUtil.writeFromNativeBuffer(Unknown Source)
			at java.base/sun.nio.ch.IOUtil.write(Unknown Source)
			at java.base/sun.nio.ch.IOUtil.write(Unknown Source)
			at java.base/sun.nio.ch.FileChannelImpl.write(Unknown Source)
			at java.base/sun.nio.ch.ChannelOutputStream.writeFully(Unknown Source)
			at java.base/sun.nio.ch.ChannelOutputStream.write(Unknown Source)
			at java.base/java.io.BufferedOutputStream.implWrite(Unknown Source)
			at java.base/java.io.BufferedOutputStream.write(Unknown Source)
			at org.jetbrains.kotlin.com.intellij.util.io.CompressedAppendableFile.saveIncompleteChunk(CompressedAppendableFile.java:394)
			... 40 more


